2021-02-03 09:09:10.009  INFO 8512 --- [main] c.example.demo.SareetaApplicationTests   : Starting SareetaApplicationTests on PC-112 with PID 8512 (started by Christian in C:\Users\Christian\FUCKYOU\udacity\nd035-c4-Security-and-DevOps-1.Auth\starter_code)
2021-02-03 09:09:10.011  INFO 8512 --- [main] c.example.demo.SareetaApplicationTests   : No active profile set, falling back to default profiles: default
2021-02-03 09:09:10.668  INFO 8512 --- [main] .s.d.r.c.RepositoryConfigurationDelegate : Bootstrapping Spring Data JPA repositories in DEFAULT mode.
2021-02-03 09:09:10.739  INFO 8512 --- [main] .s.d.r.c.RepositoryConfigurationDelegate : Finished Spring Data repository scanning in 61ms. Found 4 JPA repository interfaces.
2021-02-03 09:09:11.740  INFO 8512 --- [main] o.hibernate.jpa.internal.util.LogHelper  : HHH000204: Processing PersistenceUnitInfo [name: default]
2021-02-03 09:09:11.809  INFO 8512 --- [main] org.hibernate.Version                    : HHH000412: Hibernate ORM core version 5.4.18.Final
2021-02-03 09:09:11.865  INFO 8512 --- [main] o.hibernate.annotations.common.Version   : HCANN000001: Hibernate Commons Annotations {5.1.0.Final}
2021-02-03 09:09:12.011  INFO 8512 --- [main] com.zaxxer.hikari.HikariDataSource       : HikariPool-1 - Starting...
2021-02-03 09:09:12.272  INFO 8512 --- [main] com.zaxxer.hikari.HikariDataSource       : HikariPool-1 - Start completed.
2021-02-03 09:09:12.300  INFO 8512 --- [main] org.hibernate.dialect.Dialect            : HHH000400: Using dialect: org.hibernate.dialect.H2Dialect
2021-02-03 09:09:13.107  INFO 8512 --- [main] o.h.e.t.j.p.i.JtaPlatformInitiator       : HHH000490: Using JtaPlatform implementation: [org.hibernate.engine.transaction.jta.platform.internal.NoJtaPlatform]
2021-02-03 09:09:13.116  INFO 8512 --- [main] j.LocalContainerEntityManagerFactoryBean : Initialized JPA EntityManagerFactory for persistence unit 'default'
2021-02-03 09:09:13.821  WARN 8512 --- [main] JpaBaseConfiguration$JpaWebConfiguration : spring.jpa.open-in-view is enabled by default. Therefore, database queries may be performed during view rendering. Explicitly configure spring.jpa.open-in-view to disable this warning
2021-02-03 09:09:14.528  INFO 8512 --- [main] o.s.s.web.DefaultSecurityFilterChain     : Creating filter chain: any request, [org.springframework.security.web.context.request.async.WebAsyncManagerIntegrationFilter@15a591d9, org.springframework.security.web.context.SecurityContextPersistenceFilter@548c5127, org.springframework.security.web.header.HeaderWriterFilter@20a46227, org.springframework.web.filter.CorsFilter@5812935, org.springframework.security.web.authentication.logout.LogoutFilter@24ac87a, com.example.demo.security.JWTAuthenticationFilter@71e9640, com.example.demo.security.JWTAuthenticationVerficationFilter@1ce45e18, org.springframework.security.web.savedrequest.RequestCacheAwareFilter@173b24c4, org.springframework.security.web.servletapi.SecurityContextHolderAwareRequestFilter@1bfb60b7, org.springframework.security.web.authentication.AnonymousAuthenticationFilter@25762f04, org.springframework.security.web.session.SessionManagementFilter@7524125c, org.springframework.security.web.access.ExceptionTranslationFilter@1cc42abe, org.springframework.security.web.access.intercept.FilterSecurityInterceptor@639bf405]
2021-02-03 09:09:14.794  INFO 8512 --- [main] o.s.s.concurrent.ThreadPoolTaskExecutor  : Initializing ExecutorService 'applicationTaskExecutor'
2021-02-03 09:09:15.062  INFO 8512 --- [main] c.example.demo.SareetaApplicationTests   : Started SareetaApplicationTests in 5.416 seconds (JVM running for 7.901)
2021-02-03 09:09:15.110  INFO 8512 --- [SpringContextShutdownHook] o.s.s.concurrent.ThreadPoolTaskExecutor  : Shutting down ExecutorService 'applicationTaskExecutor'
2021-02-03 09:09:15.112  INFO 8512 --- [SpringContextShutdownHook] j.LocalContainerEntityManagerFactoryBean : Closing JPA EntityManagerFactory for persistence unit 'default'
2021-02-03 09:09:15.115  INFO 8512 --- [SpringContextShutdownHook] com.zaxxer.hikari.HikariDataSource       : HikariPool-1 - Shutdown initiated...
2021-02-03 09:09:15.119  INFO 8512 --- [SpringContextShutdownHook] com.zaxxer.hikari.HikariDataSource       : HikariPool-1 - Shutdown completed.
2021-02-03 09:10:06.519  INFO 4704 --- [main] com.example.demo.SareetaApplication      : Starting SareetaApplication on PC-112 with PID 4704 (C:\Users\Christian\FUCKYOU\udacity\nd035-c4-Security-and-DevOps-1.Auth\starter_code\target\classes started by Christian in C:\Users\Christian\FUCKYOU\udacity\nd035-c4-Security-and-DevOps-1.Auth\starter_code)
2021-02-03 09:10:06.523  INFO 4704 --- [main] com.example.demo.SareetaApplication      : No active profile set, falling back to default profiles: default
2021-02-03 09:10:07.258  INFO 4704 --- [main] .s.d.r.c.RepositoryConfigurationDelegate : Bootstrapping Spring Data JPA repositories in DEFAULT mode.
2021-02-03 09:10:07.334  INFO 4704 --- [main] .s.d.r.c.RepositoryConfigurationDelegate : Finished Spring Data repository scanning in 63ms. Found 4 JPA repository interfaces.
2021-02-03 09:10:08.476  INFO 4704 --- [main] o.s.b.w.embedded.tomcat.TomcatWebServer  : Tomcat initialized with port(s): 8080 (http)
2021-02-03 09:10:08.495  INFO 4704 --- [main] o.apache.catalina.core.StandardService   : Starting service [Tomcat]
2021-02-03 09:10:08.495  INFO 4704 --- [main] org.apache.catalina.core.StandardEngine  : Starting Servlet engine: [Apache Tomcat/9.0.37]
2021-02-03 09:10:08.644  INFO 4704 --- [main] o.a.c.c.C.[Tomcat].[localhost].[/]       : Initializing Spring embedded WebApplicationContext
2021-02-03 09:10:08.644  INFO 4704 --- [main] w.s.c.ServletWebServerApplicationContext : Root WebApplicationContext: initialization completed in 2029 ms
2021-02-03 09:10:08.958  INFO 4704 --- [main] o.hibernate.jpa.internal.util.LogHelper  : HHH000204: Processing PersistenceUnitInfo [name: default]
2021-02-03 09:10:09.027  INFO 4704 --- [main] org.hibernate.Version                    : HHH000412: Hibernate ORM core version 5.4.18.Final
2021-02-03 09:10:09.198  INFO 4704 --- [main] o.hibernate.annotations.common.Version   : HCANN000001: Hibernate Commons Annotations {5.1.0.Final}
2021-02-03 09:10:09.323  INFO 4704 --- [main] com.zaxxer.hikari.HikariDataSource       : HikariPool-1 - Starting...
2021-02-03 09:10:09.565  INFO 4704 --- [main] com.zaxxer.hikari.HikariDataSource       : HikariPool-1 - Start completed.
2021-02-03 09:10:09.587  INFO 4704 --- [main] org.hibernate.dialect.Dialect            : HHH000400: Using dialect: org.hibernate.dialect.H2Dialect
2021-02-03 09:10:10.538  INFO 4704 --- [main] o.h.e.t.j.p.i.JtaPlatformInitiator       : HHH000490: Using JtaPlatform implementation: [org.hibernate.engine.transaction.jta.platform.internal.NoJtaPlatform]
2021-02-03 09:10:10.547  INFO 4704 --- [main] j.LocalContainerEntityManagerFactoryBean : Initialized JPA EntityManagerFactory for persistence unit 'default'
2021-02-03 09:10:11.008  WARN 4704 --- [main] JpaBaseConfiguration$JpaWebConfiguration : spring.jpa.open-in-view is enabled by default. Therefore, database queries may be performed during view rendering. Explicitly configure spring.jpa.open-in-view to disable this warning
2021-02-03 09:10:11.566  INFO 4704 --- [main] o.s.s.web.DefaultSecurityFilterChain     : Creating filter chain: any request, [org.springframework.security.web.context.request.async.WebAsyncManagerIntegrationFilter@2c2edbe7, org.springframework.security.web.context.SecurityContextPersistenceFilter@1d167630, org.springframework.security.web.header.HeaderWriterFilter@8e77c5b, org.springframework.web.filter.CorsFilter@7f53a31f, org.springframework.security.web.authentication.logout.LogoutFilter@49741274, com.example.demo.security.JWTAuthenticationFilter@4ba1f425, com.example.demo.security.JWTAuthenticationVerficationFilter@29d563bd, org.springframework.security.web.savedrequest.RequestCacheAwareFilter@1eee9b78, org.springframework.security.web.servletapi.SecurityContextHolderAwareRequestFilter@306cfb8a, org.springframework.security.web.authentication.AnonymousAuthenticationFilter@73fe7483, org.springframework.security.web.session.SessionManagementFilter@c0521e5, org.springframework.security.web.access.ExceptionTranslationFilter@42172065, org.springframework.security.web.access.intercept.FilterSecurityInterceptor@7c39193f]
2021-02-03 09:10:11.637  INFO 4704 --- [main] o.s.s.concurrent.ThreadPoolTaskExecutor  : Initializing ExecutorService 'applicationTaskExecutor'
2021-02-03 09:10:11.810  INFO 4704 --- [main] o.s.b.w.embedded.tomcat.TomcatWebServer  : Tomcat started on port(s): 8080 (http) with context path ''
2021-02-03 09:10:11.822  INFO 4704 --- [main] com.example.demo.SareetaApplication      : Started SareetaApplication in 5.843 seconds (JVM running for 6.427)
2021-02-03 09:10:21.887  INFO 4704 --- [http-nio-8080-exec-1] o.a.c.c.C.[Tomcat].[localhost].[/]       : Initializing Spring DispatcherServlet 'dispatcherServlet'
2021-02-03 09:10:21.889  INFO 4704 --- [http-nio-8080-exec-1] o.s.web.servlet.DispatcherServlet        : Initializing Servlet 'dispatcherServlet'
2021-02-03 09:10:21.900  INFO 4704 --- [http-nio-8080-exec-1] o.s.web.servlet.DispatcherServlet        : Completed initialization in 11 ms
2021-02-03 09:10:22.104  INFO 4704 --- [http-nio-8080-exec-1] c.e.demo.controllers.UserController      : Creating new User 'ChrizRocks'
2021-02-03 09:10:22.304  INFO 4704 --- [http-nio-8080-exec-1] c.e.demo.controllers.UserController      : User 'ChrizRocks' was created successfully!
2021-02-03 09:10:31.090  INFO 4704 --- [http-nio-8080-exec-5] c.e.demo.controllers.CartController      : Item 'Square Widget' added to your cart.
2021-02-03 09:10:32.079  INFO 4704 --- [http-nio-8080-exec-4] c.e.demo.controllers.CartController      : Item 'Square Widget' added to your cart.
2021-02-03 09:10:36.557  INFO 4704 --- [http-nio-8080-exec-6] c.e.demo.controllers.CartController      : Item successfully removed.
2021-02-03 09:10:43.891  INFO 4704 --- [http-nio-8080-exec-7] c.e.demo.controllers.CartController      : Item successfully removed.
2021-02-03 09:10:45.705  INFO 4704 --- [http-nio-8080-exec-8] c.e.demo.controllers.CartController      : Item successfully removed.
2021-02-03 09:10:46.903  INFO 4704 --- [http-nio-8080-exec-9] c.e.demo.controllers.CartController      : Item successfully removed.
2021-02-03 09:10:51.310  INFO 4704 --- [http-nio-8080-exec-10] c.e.demo.controllers.CartController      : Item 'Square Widget' added to your cart.
2021-02-03 09:10:52.289  INFO 4704 --- [http-nio-8080-exec-2] c.e.demo.controllers.CartController      : Item 'Square Widget' added to your cart.
2021-02-03 09:10:59.567  INFO 4704 --- [http-nio-8080-exec-3] c.e.demo.controllers.ItemController      : Returning item with id 1
2021-02-03 09:11:03.644  INFO 4704 --- [http-nio-8080-exec-5] c.e.demo.controllers.OrderController     : Orderhistory for ChrizRocks
2021-02-03 09:11:07.574  INFO 4704 --- [http-nio-8080-exec-4] c.e.demo.controllers.ItemController      : Returning Items by name Square Widget
2021-02-03 09:11:11.048  INFO 4704 --- [http-nio-8080-exec-6] c.e.demo.controllers.CartController      : showCart for ChrizRocks
2021-02-03 09:11:15.296  INFO 4704 --- [http-nio-8080-exec-7] c.e.demo.controllers.OrderController     : Submitting Order for ChrizRocks
2021-02-03 09:11:15.318  INFO 4704 --- [http-nio-8080-exec-7] c.e.demo.controllers.OrderController     : Order splaced for ChrizRocks
2021-02-03 09:11:19.627  INFO 4704 --- [http-nio-8080-exec-8] c.e.demo.controllers.CartController      : showCart for ChrizRocks
